d:\programming\c++\erupti0n\intermediate\debug\win32\erupti0n\vc140.pdb
d:\programming\c++\erupti0n\intermediate\debug\win32\erupti0n\vc140.idb
d:\programming\c++\erupti0n\intermediate\debug\win32\erupti0n\ccore.obj
d:\programming\c++\erupti0n\intermediate\debug\win32\erupti0n\cgraphics.obj
d:\programming\c++\erupti0n\intermediate\debug\win32\erupti0n\cfileloader.obj
d:\programming\c++\erupti0n\intermediate\debug\win32\erupti0n\sccontentmanager.obj
d:\programming\c++\erupti0n\intermediate\debug\win32\erupti0n\crenderer.obj
d:\programming\c++\erupti0n\intermediate\debug\win32\erupti0n\cwindowwin32.obj
d:\programming\c++\erupti0n\intermediate\debug\win32\erupti0n\iwindow.obj
d:\programming\c++\erupti0n\intermediate\debug\win32\erupti0n\main.obj
d:\programming\c++\erupti0n\intermediate\debug\win32\erupti0n\cvulkanbufferbase.obj
d:\programming\c++\erupti0n\intermediate\debug\win32\erupti0n\cvulkanimage.obj
d:\programming\c++\erupti0n\intermediate\debug\win32\erupti0n\cvulkanswapchain.obj
d:\programming\c++\erupti0n\build\debug\win32\erupti0n.win32.debug.exe
d:\programming\c++\erupti0n\build\debug\win32\erupti0n.win32.debug.pdb
d:\programming\c++\erupti0n\intermediate\debug\win32\erupti0n\erupti0n.tlog\cl.command.1.tlog
d:\programming\c++\erupti0n\intermediate\debug\win32\erupti0n\erupti0n.tlog\cl.read.1.tlog
d:\programming\c++\erupti0n\intermediate\debug\win32\erupti0n\erupti0n.tlog\cl.write.1.tlog
d:\programming\c++\erupti0n\intermediate\debug\win32\erupti0n\erupti0n.tlog\link.command.1.tlog
d:\programming\c++\erupti0n\intermediate\debug\win32\erupti0n\erupti0n.tlog\link.read.1.tlog
d:\programming\c++\erupti0n\intermediate\debug\win32\erupti0n\erupti0n.tlog\link.write.1.tlog
