C:\Program Files (x86)\MSBuild\Microsoft.Cpp\v4.0\V140\Microsoft.CppBuild.targets(367,5): warning MSB8004: Intermediate Directory does not end with a trailing slash.  This build instance will add the slash as it is required to allow proper evaluation of the Intermediate Directory.
C:\Program Files (x86)\MSBuild\Microsoft.Cpp\v4.0\V140\Microsoft.CppBuild.targets(368,5): warning MSB8004: Output Directory does not end with a trailing slash.  This build instance will add the slash as it is required to allow proper evaluation of the Output Directory.
  D:\Programming\C++\Erupti0n\Src\Erupti0n\Src\Shader\shader.frag
  Warning, version 450 is not yet complete; most version-specific features are present, but some are missing.
  
  
  Linked fragment stage:
  
  
  D:\Programming\C++\Erupti0n\Src\Erupti0n\Src\Shader\shader.vert
  Warning, version 450 is not yet complete; most version-specific features are present, but some are missing.
  
  
  Linked vertex stage:
  
  
  Drücken Sie eine beliebige Taste . . . 
  CCore.cpp
d:\programming\c++\erupti0n\src\erupti0n\include\Content\CFileloader.h(20): warning C4227: Anachronismus verwendet: Qualifizierer auf Verweise werden ignoriert
d:\programming\c++\erupti0n\src\erupti0n\include\Content\CFileloader.h(21): warning C4227: Anachronismus verwendet: Qualifizierer auf Verweise werden ignoriert
d:\programming\c++\erupti0n\src\erupti0n\include\Vulkan\CVulkanImage.h(57): warning C4227: Anachronismus verwendet: Qualifizierer auf Verweise werden ignoriert
d:\programming\c++\erupti0n\src\erupti0n\include\Content\SCContentManager.h(37): warning C4227: Anachronismus verwendet: Qualifizierer auf Verweise werden ignoriert
Src\CCore.cpp(124): warning C4267: "=": Konvertierung von "size_t" nach "int", Datenverlust möglich
  CGraphics.cpp
  CFileloader.cpp
D:\Programming\C++\Erupti0n\Src\Erupti0n\Include\Content\CFileloader.h(20): warning C4227: Anachronismus verwendet: Qualifizierer auf Verweise werden ignoriert
D:\Programming\C++\Erupti0n\Src\Erupti0n\Include\Content\CFileloader.h(21): warning C4227: Anachronismus verwendet: Qualifizierer auf Verweise werden ignoriert
Src\Content\CFileloader.cpp(25): warning C4227: Anachronismus verwendet: Qualifizierer auf Verweise werden ignoriert
Src\Content\CFileloader.cpp(48): warning C4227: Anachronismus verwendet: Qualifizierer auf Verweise werden ignoriert
Src\Content\CFileloader.cpp(94): warning C4101: "space": Unreferenzierte lokale Variable
Src\Content\CFileloader.cpp(93): warning C4101: "type": Unreferenzierte lokale Variable
Src\Content\CFileloader.cpp(55): warning C4101: "rc": Unreferenzierte lokale Variable
Src\Content\CFileloader.cpp(107): warning C4101: "buffer": Unreferenzierte lokale Variable
  SCContentManager.cpp
D:\Programming\C++\Erupti0n\Src\Erupti0n\Include\Content\CFileloader.h(20): warning C4227: Anachronismus verwendet: Qualifizierer auf Verweise werden ignoriert
D:\Programming\C++\Erupti0n\Src\Erupti0n\Include\Content\CFileloader.h(21): warning C4227: Anachronismus verwendet: Qualifizierer auf Verweise werden ignoriert
D:\Programming\C++\Erupti0n\Src\Erupti0n\Include\Vulkan\CVulkanImage.h(57): warning C4227: Anachronismus verwendet: Qualifizierer auf Verweise werden ignoriert
D:\Programming\C++\Erupti0n\Src\Erupti0n\Include\Content\SCContentManager.h(37): warning C4227: Anachronismus verwendet: Qualifizierer auf Verweise werden ignoriert
Src\Content\SCContentManager.cpp(13): warning C4227: Anachronismus verwendet: Qualifizierer auf Verweise werden ignoriert
  CRenderer.cpp
d:\programming\c++\erupti0n\src\erupti0n\include\Content\CFileloader.h(20): warning C4227: Anachronismus verwendet: Qualifizierer auf Verweise werden ignoriert
d:\programming\c++\erupti0n\src\erupti0n\include\Content\CFileloader.h(21): warning C4227: Anachronismus verwendet: Qualifizierer auf Verweise werden ignoriert
d:\programming\c++\erupti0n\src\erupti0n\include\Vulkan\CVulkanImage.h(57): warning C4227: Anachronismus verwendet: Qualifizierer auf Verweise werden ignoriert
d:\programming\c++\erupti0n\src\erupti0n\include\Content\SCContentManager.h(37): warning C4227: Anachronismus verwendet: Qualifizierer auf Verweise werden ignoriert
Src\CRenderer.cpp(32): warning C4305: "+=": Verkürzung von "double" in "float"
Src\CRenderer.cpp(118): warning C4838: Konvertierung von "double" zu "float" erfordert eine einschränkende Konvertierung
Src\CRenderer.cpp(118): warning C4305: "Initialisierung": Verkürzung von "double" in "float"
Src\CRenderer.cpp(135): warning C4244: "=": Konvertierung von "uint32_t" in "float", möglicher Datenverlust
Src\CRenderer.cpp(136): warning C4244: "=": Konvertierung von "uint32_t" in "float", möglicher Datenverlust
Src\CRenderer.cpp(201): warning C4267: "Initialisierung": Konvertierung von "size_t" nach "Erupti0n::RenderUnitHandle", Datenverlust möglich
Src\CRenderer.cpp(208): warning C4267: "Initialisierung": Konvertierung von "size_t" nach "uint32_t", Datenverlust möglich
Src\CRenderer.cpp(214): warning C4018: "<": Konflikt zwischen "signed" und "unsigned"
Src\CRenderer.cpp(237): warning C4267: "Argument": Konvertierung von "size_t" nach "uint32_t", Datenverlust möglich
Src\CRenderer.cpp(238): warning C4267: "Argument": Konvertierung von "size_t" nach "uint32_t", Datenverlust möglich
Src\CRenderer.cpp(278): warning C4267: "=": Konvertierung von "size_t" nach "uint32_t", Datenverlust möglich
Src\CRenderer.cpp(308): warning C4267: "=": Konvertierung von "size_t" nach "uint32_t", Datenverlust möglich
Src\CRenderer.cpp(405): warning C4267: "=": Konvertierung von "size_t" nach "uint32_t", Datenverlust möglich
Src\CRenderer.cpp(423): warning C4267: "=": Konvertierung von "size_t" nach "uint32_t", Datenverlust möglich
Src\CRenderer.cpp(468): warning C4267: "Argument": Konvertierung von "size_t" nach "uint32_t", Datenverlust möglich
Src\CRenderer.cpp(476): warning C4267: "=": Konvertierung von "size_t" nach "uint32_t", Datenverlust möglich
Src\CRenderer.cpp(478): warning C4267: "=": Konvertierung von "size_t" nach "uint32_t", Datenverlust möglich
Src\CRenderer.cpp(498): warning C4267: "=": Konvertierung von "size_t" nach "uint32_t", Datenverlust möglich
Src\CRenderer.cpp(559): warning C4267: "=": Konvertierung von "size_t" nach "uint32_t", Datenverlust möglich
Src\CRenderer.cpp(591): warning C4267: "Initialisierung": Konvertierung von "size_t" nach "uint32_t", Datenverlust möglich
Src\CRenderer.cpp(609): warning C4018: "<": Konflikt zwischen "signed" und "unsigned"
  CWindowWin32.cpp
d:\programming\c++\erupti0n\src\erupti0n\include\Content\CFileloader.h(20): warning C4227: Anachronismus verwendet: Qualifizierer auf Verweise werden ignoriert
d:\programming\c++\erupti0n\src\erupti0n\include\Content\CFileloader.h(21): warning C4227: Anachronismus verwendet: Qualifizierer auf Verweise werden ignoriert
d:\programming\c++\erupti0n\src\erupti0n\include\Vulkan\CVulkanImage.h(57): warning C4227: Anachronismus verwendet: Qualifizierer auf Verweise werden ignoriert
d:\programming\c++\erupti0n\src\erupti0n\include\Content\SCContentManager.h(37): warning C4227: Anachronismus verwendet: Qualifizierer auf Verweise werden ignoriert
Src\CWindowWin32.cpp(46): warning C4800: "ATOM": Variable wird auf booleschen Wert ("True" oder "False") gesetzt (Auswirkungen auf Leistungsverhalten möglich)
Src\CWindowWin32.cpp(206): warning C4244: "Argument": Konvertierung von "WPARAM" in "unsigned int", möglicher Datenverlust
  IWindow.cpp
Src\IWindow.cpp(38): warning C4018: "<": Konflikt zwischen "signed" und "unsigned"
  main.cpp
d:\programming\c++\erupti0n\src\erupti0n\include\Content\CFileloader.h(20): warning C4227: Anachronismus verwendet: Qualifizierer auf Verweise werden ignoriert
d:\programming\c++\erupti0n\src\erupti0n\include\Content\CFileloader.h(21): warning C4227: Anachronismus verwendet: Qualifizierer auf Verweise werden ignoriert
d:\programming\c++\erupti0n\src\erupti0n\include\Vulkan\CVulkanImage.h(57): warning C4227: Anachronismus verwendet: Qualifizierer auf Verweise werden ignoriert
d:\programming\c++\erupti0n\src\erupti0n\include\Content\SCContentManager.h(37): warning C4227: Anachronismus verwendet: Qualifizierer auf Verweise werden ignoriert
  CVulkanBufferBase.cpp
Src\Vulkan\CVulkanBufferBase.cpp(12): warning C4244: "=": Konvertierung von "VkDeviceSize" in "uint32_t", möglicher Datenverlust
Src\Vulkan\CVulkanBufferBase.cpp(26): warning C4101: "sbmr": Unreferenzierte lokale Variable
Src\Vulkan\CVulkanBufferBase.cpp(108): warning C4018: "<": Konflikt zwischen "signed" und "unsigned"
  CVulkanImage.cpp
D:\Programming\C++\Erupti0n\Src\Erupti0n\Include\Vulkan\CVulkanImage.h(57): warning C4227: Anachronismus verwendet: Qualifizierer auf Verweise werden ignoriert
Src\Vulkan\CVulkanImage.cpp(58): warning C4018: "<": Konflikt zwischen "signed" und "unsigned"
Src\Vulkan\CVulkanImage.cpp(96): warning C4227: Anachronismus verwendet: Qualifizierer auf Verweise werden ignoriert
  CVulkanSwapChain.cpp
Src\Vulkan\CVulkanSwapChain.cpp(59): warning C4553: "==": Operator hat keine Auswirkungen; ist "=" beabsichtigt?
Src\Vulkan\CVulkanSwapChain.cpp(61): warning C4553: "==": Operator hat keine Auswirkungen; ist "=" beabsichtigt?
Src\Vulkan\CVulkanSwapChain.cpp(64): warning C4553: "==": Operator hat keine Auswirkungen; ist "=" beabsichtigt?
Src\Vulkan\CVulkanSwapChain.cpp(66): warning C4553: "==": Operator hat keine Auswirkungen; ist "=" beabsichtigt?
Src\Vulkan\CVulkanSwapChain.cpp(90): warning C4018: "<": Konflikt zwischen "signed" und "unsigned"
Src\Vulkan\CVulkanSwapChain.cpp(131): warning C4018: "<": Konflikt zwischen "signed" und "unsigned"
  Code wird generiert.
d:\programming\c++\erupti0n\src\erupti0n\src\vulkan\cvulkanimage.cpp(65): warning C4715: "Erupti0n::CVulkanImage::FindMemoryType": Nicht alle Steuerelementpfade geben einen Wert zurück.
d:\programming\c++\erupti0n\src\erupti0n\src\vulkan\cvulkanbufferbase.cpp(115): warning C4715: "Erupti0n::CVulkanBufferBase::FindMemoryType": Nicht alle Steuerelementpfade geben einen Wert zurück.
  All 2806 functions were compiled because no usable IPDB/IOBJ from previous compilation was found.
  Codegenerierung ist abgeschlossen.
  Erupti0n.vcxproj -> D:\Programming\C++\Erupti0n\\build\Release\x64\Erupti0n.x64.Release.exe
  Erupti0n.vcxproj -> D:\Programming\C++\Erupti0n\\build\Release\x64\Erupti0n.x64.Release.pdb (Full PDB)
